"../../../../../../Users/Nitrois/Desktop/spaceman/Content/Blueprint/EndCamera.uasset" 0
"../../../../../../Users/Nitrois/Desktop/spaceman/Content/Geometry/Meshes/blinn1.uasset" 1
"../../../../../../Users/Nitrois/Desktop/spaceman/Content/Geometry/Meshes/blinn2.uasset" 2
"../../../../../../Users/Nitrois/Desktop/spaceman/Content/Geometry/Meshes/lambert1.uasset" 3
"../../../../../../Users/Nitrois/Desktop/spaceman/Content/Geometry/Meshes/lambert10.uasset" 4
"../../../../../../Users/Nitrois/Desktop/spaceman/Content/Geometry/Meshes/lambert11.uasset" 5
"../../../../../../Users/Nitrois/Desktop/spaceman/Content/Mats/M_browntown.uasset" 6
"../../../../../../Users/Nitrois/Desktop/spaceman/Content/Geometry/Meshes/lambert12.uasset" 7
"../../../../../../Users/Nitrois/Desktop/spaceman/Content/Geometry/Meshes/lambert14.uasset" 8
"../../../../../../Users/Nitrois/Desktop/spaceman/Content/Geometry/Meshes/lambert15.uasset" 9
"../../../../../../Users/Nitrois/Desktop/spaceman/Content/Geometry/Meshes/lambert16.uasset" 10
"../../../../../../Users/Nitrois/Desktop/spaceman/Content/Geometry/Meshes/lambert17.uasset" 11
"../../../../../../Users/Nitrois/Desktop/spaceman/Content/Geometry/Meshes/lambert18.uasset" 12
"../../../../../../Users/Nitrois/Desktop/spaceman/Content/Geometry/Meshes/lambert19.uasset" 13
"../../../../../../Users/Nitrois/Desktop/spaceman/Content/Geometry/Meshes/lambert2.uasset" 14
"../../../../../../Users/Nitrois/Desktop/spaceman/Content/Geometry/Meshes/lambert4.uasset" 15
"../../../../../../Users/Nitrois/Desktop/spaceman/Content/Geometry/Meshes/lambert5.uasset" 16
"../../../../../../Users/Nitrois/Desktop/spaceman/Content/Geometry/Meshes/lambert6.uasset" 17
"../../../../../../Users/Nitrois/Desktop/spaceman/Content/Geometry/Meshes/lambert7.uasset" 18
"../../../../../../Users/Nitrois/Desktop/spaceman/Content/Geometry/Meshes/lambert8.uasset" 19
"../../../../../../Users/Nitrois/Desktop/spaceman/Content/Geometry/Meshes/lambert9.uasset" 20
"../../../../../../Users/Nitrois/Desktop/spaceman/Content/Geometry/Meshes/blinn3.uasset" 21
"../../../../../../Users/Nitrois/Desktop/spaceman/Content/Geometry/Meshes/Planet_1_pCylinder1.uasset" 22
"../../../../../../Users/Nitrois/Desktop/spaceman/Content/Geometry/Meshes/Planet_1_pCylinder2.uasset" 23
"../../../../../../Users/Nitrois/Desktop/spaceman/Content/Geometry/Meshes/lambert3.uasset" 24
"../../../../../../Users/Nitrois/Desktop/spaceman/Content/Geometry/Meshes/Planet_1_pSphere1.uasset" 25
"../../../../../../Users/Nitrois/Desktop/spaceman/Content/Geometry/Meshes/Planet_1_pSphere2.uasset" 26
"../../../../../../Users/Nitrois/Desktop/spaceman/Content/Geometry/Meshes/Planet_1_pSphere3.uasset" 27
"../../../../../../Users/Nitrois/Desktop/spaceman/Content/Geometry/Meshes/Planet_1_pSphere4.uasset" 28
"../../../../../../Users/Nitrois/Desktop/spaceman/Content/Geometry/Meshes/Planet_1_pSphere5.uasset" 29
"../../../../../../Users/Nitrois/Desktop/spaceman/Content/Geometry/Meshes/Planet_1_pSphere6.uasset" 30
"../../../../../../Users/Nitrois/Desktop/spaceman/Content/Mats/M_SpaceMan_Lambert.uasset" 31
"../../../../../../Users/Nitrois/Desktop/spaceman/Content/Geometry/Meshes/Space_Ship_Piece_polySurface148.uasset" 32
"../../../../../../Users/Nitrois/Desktop/spaceman/Content/Geometry/Meshes/Space_Ship_Piece_polySurface150.uasset" 33
"../../../../../../Users/Nitrois/Desktop/spaceman/Content/Geometry/Meshes/Space_Ship_Piece_polySurface154.uasset" 34
"../../../../../../Users/Nitrois/Desktop/spaceman/Content/Geometry/Meshes/Space_Ship_Piece_polySurface158.uasset" 35
"../../../../../../Users/Nitrois/Desktop/spaceman/Content/Geometry/Meshes/Space_Ship_Piece_polySurface161.uasset" 36
"../../../../../../Users/Nitrois/Desktop/spaceman/Content/Levels/Default_sound_BuiltData.uasset" 37
"../../../../../../Users/Nitrois/Desktop/spaceman/Content/Mannequin/Character/Mesh/UE4_Mannequin_Skeleton.uasset" 38
"../../../../../../Users/Nitrois/Desktop/spaceman/Content/Mannequin/Animations/ThirdPersonJump_End.uasset" 39
"../../../../../../Users/Nitrois/Desktop/spaceman/Content/Mannequin/Animations/ThirdPerson_Jump.uasset" 40
"../../../../../../Users/Nitrois/Desktop/spaceman/Content/Mannequin/Animations/ThirdPersonJump_Loop.uasset" 41
"../../../../../../Users/Nitrois/Desktop/spaceman/Content/Mannequin/Animations/ThirdPersonJump_Start.uasset" 42
"../../../../../../Users/Nitrois/Desktop/spaceman/Content/Mannequin/Animations/ThirdPersonIdle.uasset" 43
"../../../../../../Users/Nitrois/Desktop/spaceman/Content/Mannequin/Animations/ThirdPersonRun.uasset" 44
"../../../../../../Users/Nitrois/Desktop/spaceman/Content/Mannequin/Animations/ThirdPersonWalk.uasset" 45
"../../../../../../Users/Nitrois/Desktop/spaceman/Content/Mannequin/Animations/ThirdPerson_IdleRun_2D.uasset" 46
"../../../Engine/Content/EditorBlueprintResources/StandardMacros.uasset" 47
"../../../../../../Users/Nitrois/Desktop/spaceman/Content/Mannequin/Animations/ThirdPerson_AnimBP.uasset" 48
"../../../Engine/Content/Functions/Engine_MaterialFunctions02/Utility/BlendAngleCorrectedNormals.uasset" 49
"../../../Engine/Content/Functions/MaterialLayerFunctions/MatLayerBlend_NormalBlend.uasset" 50
"../../../Engine/Content/Functions/MaterialLayerFunctions/MatLayerBlend_Simple.uasset" 51
"../../../../../../Users/Nitrois/Desktop/spaceman/Content/Mannequin/Character/Materials/MaterialLayers/T_ML_Rubber_Blue_01_D.uasset" 52
"../../../../../../Users/Nitrois/Desktop/spaceman/Content/Mannequin/Character/Materials/MaterialLayers/T_ML_Rubber_Blue_01_N.uasset" 53
"../../../../../../Users/Nitrois/Desktop/spaceman/Content/Mannequin/Character/Materials/MaterialLayers/ML_GlossyBlack_Latex_UE4.uasset" 54
"../../../../../../Users/Nitrois/Desktop/spaceman/Content/Mannequin/Character/Materials/MaterialLayers/ML_Plastic_Shiny_Beige.uasset" 55
"../../../../../../Users/Nitrois/Desktop/spaceman/Content/Mannequin/Character/Textures/UE4_LOGO_CARD.uasset" 56
"../../../../../../Users/Nitrois/Desktop/spaceman/Content/Mannequin/Character/Materials/MaterialLayers/ML_Plastic_Shiny_Beige_LOGO.uasset" 57
"../../../../../../Users/Nitrois/Desktop/spaceman/Content/Mannequin/Character/Materials/MaterialLayers/T_ML_Aluminum01.uasset" 58
"../../../../../../Users/Nitrois/Desktop/spaceman/Content/Mannequin/Character/Materials/MaterialLayers/T_ML_Aluminum01_N.uasset" 59
"../../../../../../Users/Nitrois/Desktop/spaceman/Content/Mannequin/Character/Materials/MaterialLayers/ML_SoftMetal_UE4.uasset" 60
"../../../../../../Users/Nitrois/Desktop/spaceman/Content/Mannequin/Character/Textures/UE4_Mannequin__normals.uasset" 61
"../../../../../../Users/Nitrois/Desktop/spaceman/Content/Mannequin/Character/Textures/UE4_Mannequin_MAT_MASKA.uasset" 62
"../../../../../../Users/Nitrois/Desktop/spaceman/Content/Mannequin/Character/Materials/M_UE4Man_Body.uasset" 63
"../../../../../../Users/Nitrois/Desktop/spaceman/Content/Mannequin/Character/Textures/UE4Man_Logo_N.uasset" 64
"../../../../../../Users/Nitrois/Desktop/spaceman/Content/Mannequin/Character/Materials/M_UE4Man_ChestLogo.uasset" 65
"../../../../../../Users/Nitrois/Desktop/spaceman/Content/Mannequin/Character/Mesh/SK_Mannequin_PhysicsAsset.uasset" 66
"../../../../../../Users/Nitrois/Desktop/spaceman/Content/Mannequin/Character/Mesh/SK_Mannequin.uasset" 67
"../../../../../../Users/Nitrois/Desktop/spaceman/Content/Mats/Black_Hole_M.uasset" 68
"../../../../../../Users/Nitrois/Desktop/spaceman/Content/Mats/NewMaterial.uasset" 69
"../../../../../../Users/Nitrois/Desktop/spaceman/Content/Mats/Planets_lambert1_Height.uasset" 70
"../../../../../../Users/Nitrois/Desktop/spaceman/Content/rawImages/Character.uasset" 71
"../../../../../../Users/Nitrois/Desktop/spaceman/Content/rawImages/SpaceShip_Images.uasset" 72
"../../../../../../Users/Nitrois/Desktop/spaceman/Content/rawImages/UI_O2_Meter.uasset" 73
"../../../../../../Users/Nitrois/Desktop/spaceman/Content/rawImages/UI_OxgenWarning.uasset" 74
"../../../../../../Users/Nitrois/Desktop/spaceman/Content/Skybox/M_Noise.uasset" 75
"../../../../../../Users/Nitrois/Desktop/spaceman/Content/Sound/Explosion.uasset" 76
"../../../../../../Users/Nitrois/Desktop/spaceman/Content/Sound/Explosion_Cue.uasset" 77
"../../../../../../Users/Nitrois/Desktop/spaceman/Content/Sound/Fix.uasset" 78
"../../../../../../Users/Nitrois/Desktop/spaceman/Content/Sound/IceCracking.uasset" 79
"../../../../../../Users/Nitrois/Desktop/spaceman/Content/Sound/Sizzling.uasset" 80
"../../../../../../Users/Nitrois/Desktop/spaceman/Content/Sound/SpaceShip.uasset" 81
"../../../Engine/Content/Functions/Engine_MaterialFunctions01/Opacity/CameraDepthFade.uasset" 82
"../../../Engine/Content/EngineMaterials/T_Default_Material_Grid_M.uasset" 83
"../../../Engine/Content/EngineMaterials/T_Default_Material_Grid_N.uasset" 84
"../../../Engine/Content/EngineMaterials/DefaultMaterial.uasset" 85
"../../../Engine/Content/BasicShapes/Cone.uasset" 86
"../../../Engine/Content/EngineMaterials/WorldGridMaterial.uasset" 87
"../../../Engine/Content/BasicShapes/Cube.uasset" 88
"../../../Engine/Content/BasicShapes/Cylinder.uasset" 89
"../../../Engine/Content/BasicShapes/Plane.uasset" 90
"../../../Engine/Content/EditorLandscapeResources/DataLayer.uasset" 91
"../../../Engine/Content/EditorMaterials/GizmoMaterial.uasset" 92
"../../../Engine/Content/EditorMaterials/MAT_Groups_Toggle.uasset" 93
"../../../Engine/Content/EditorMaterials/MAT_Groups_Visibility.uasset" 94
"../../../Engine/Content/EditorMaterials/PreviewShadowIndicator.uasset" 95
"../../../Engine/Content/EditorMaterials/PreviewShadowIndicatorMaterial.uasset" 96
"../../../Engine/Content/EditorMaterials/MatineeGroups/MAT_ColorTrack.uasset" 97
"../../../Engine/Content/EditorMaterials/MatineeGroups/MAT_Groups_Anim.uasset" 98
"../../../Engine/Content/EditorMaterials/MatineeGroups/MAT_Groups_AudioMaster.uasset" 99
"../../../Engine/Content/EditorMaterials/MatineeGroups/MAT_Groups_Director.uasset" 100
"../../../Engine/Content/EditorMaterials/MatineeGroups/MAT_Groups_Event.uasset" 101
"../../../Engine/Content/EditorMaterials/MatineeGroups/MAT_Groups_Fade.uasset" 102
"../../../Engine/Content/EditorMaterials/MatineeGroups/MAT_Groups_Float.uasset" 103
"../../../Engine/Content/EditorMaterials/MatineeGroups/MAT_Groups_Move.uasset" 104
"../../../Engine/Content/EditorMaterials/MatineeGroups/MAT_Groups_Slomo.uasset" 105
"../../../Engine/Content/EditorMaterials/MatineeGroups/MAT_Groups_Sound.uasset" 106
"../../../Engine/Content/EditorMaterials/MatineeGroups/MAT_Groups_Vector.uasset" 107
"../../../Engine/Content/EditorMaterials/ParticleSystems/PSysThumbnail_NoImage.uasset" 108
"../../../Engine/Content/EditorMaterials/ParticleSystems/PSysThumbnail_OOD.uasset" 109
"../../../Engine/Content/EditorMaterials/Camera/CineMat.uasset" 110
"../../../Engine/Content/EditorMaterials/Camera/MI_CineMat_Rig.uasset" 111
"../../../Engine/Content/EditorMeshes/Camera/SM_CraneRig_Arm.uasset" 112
"../../../Engine/Content/EditorMeshes/Camera/SM_CraneRig_Base.uasset" 113
"../../../Engine/Content/EditorMeshes/Camera/SM_CraneRig_Body.uasset" 114
"../../../Engine/Content/EditorMeshes/Camera/SM_CraneRig_Mount.uasset" 115
"../../../Engine/Content/EditorMeshes/Camera/SM_RailRig_Mount.uasset" 116
"../../../Engine/Content/EditorMeshes/Camera/SM_RailRig_Track.uasset" 117
"../../../Engine/Content/EditorMeshes/ColorCalibrator/M_ChromeBall.uasset" 118
"../../../Engine/Content/EditorMeshes/ColorCalibrator/M_ClearCoat.uasset" 119
"../../../Engine/Content/EditorMeshes/ColorCalibrator/M_ClearCoatBlack.uasset" 120
"../../../Engine/Content/EditorMeshes/ColorCalibrator/Color_checker.uasset" 121
"../../../Engine/Content/EditorMeshes/ColorCalibrator/M_ColorGrid.uasset" 122
"../../../Engine/Content/EditorMeshes/ColorCalibrator/M_GreyBall.uasset" 123
"../../../Engine/Content/EditorMeshes/ColorCalibrator/SM_ColorCalibrator.uasset" 124
"../../../Engine/Content/EditorResources/BSPVertex.uasset" 125
"../../../Engine/Content/EditorResources/EmptyActor.uasset" 126
"../../../Engine/Content/EditorResources/S_Actor.uasset" 127
"../../../Engine/Content/EditorResources/S_Trigger.uasset" 128
"../../../Engine/Content/EditorResources/AudioIcons/S_AudioComponent.uasset" 129
"../../../Engine/Content/EditorResources/AudioIcons/S_AudioComponent_AutoActivate.uasset" 130
"../../../Engine/Content/EditorResources/LightIcons/S_LightError.uasset" 131
"../../../Engine/Content/EditorResources/SequenceRecorder/Countdown.uasset" 132
"../../../Engine/Content/EditorResources/SequenceRecorder/RecordingIndicator.uasset" 133
"../../../Engine/Content/EditorSounds/Notifications/CompileFailed.uasset" 134
"../../../Engine/Content/EditorSounds/Notifications/CompileFailed_Cue.uasset" 135
"../../../Engine/Content/EditorSounds/Notifications/CompileSuccess.uasset" 136
"../../../Engine/Content/EditorSounds/Notifications/CompileStart_Cue.uasset" 137
"../../../Engine/Content/EditorSounds/Notifications/CompileSuccess_Cue.uasset" 138
"../../../Engine/Content/EngineDamageTypes/DmgTypeBP_Environmental.uasset" 139
"../../../Engine/Content/EngineDebugMaterials/HeatmapGradient.uasset" 140
"../../../Engine/Content/EngineDebugMaterials/BoneWeightMaterial.uasset" 141
"../../../Engine/Content/EngineDebugMaterials/ClothMaterial.uasset" 142
"../../../Engine/Content/EngineDebugMaterials/ClothMaterial_WF.uasset" 143
"../../../Engine/Content/EngineDebugMaterials/DebugEditorMaterial.uasset" 144
"../../../Engine/Content/EngineDebugMaterials/DebugMeshMaterial.uasset" 145
"../../../Engine/Content/EngineDebugMaterials/GeomMaterial.uasset" 146
"../../../Engine/Content/EngineFonts/Faces/RobotoBold.uasset" 147
"../../../Engine/Content/EngineFonts/Faces/RobotoBoldItalic.uasset" 148
"../../../Engine/Content/EngineFonts/Faces/RobotoItalic.uasset" 149
"../../../Engine/Content/EngineFonts/Faces/RobotoLight.uasset" 150
"../../../Engine/Content/EngineFonts/Faces/RobotoRegular.uasset" 151
"../../../Engine/Content/EngineFonts/Roboto.uasset" 152
"../../../Engine/Content/EngineFonts/Faces/RobotoTiny.uasset" 153
"../../../Engine/Content/EngineFonts/RobotoTiny.uasset" 154
"../../../Engine/Content/EngineMaterials/DefaultBloomKernel.uasset" 155
"../../../Engine/Content/EngineMaterials/DefaultBokeh.uasset" 156
"../../../Engine/Content/EngineMaterials/DefaultDiffuse.uasset" 157
"../../../Engine/Content/EngineMaterials/DefaultDeferredDecalMaterial.uasset" 158
"../../../Engine/Content/EngineMaterials/DefaultLightFunctionMaterial.uasset" 159
"../../../Engine/Content/EngineMaterials/DefaultPhysicalMaterial.uasset" 160
"../../../Engine/Content/Functions/Engine_MaterialFunctions02/Utility/BreakOutFloat2Components.uasset" 161
"../../../Engine/Content/EngineMaterials/DefaultPostProcessMaterial.uasset" 162
"../../../Engine/Content/EngineFonts/RobotoDistanceField.uasset" 163
"../../../Engine/Content/EngineMaterials/DefaultTextMaterialOpaque.uasset" 164
"../../../Engine/Content/EngineMaterials/DefaultWhiteGrid.uasset" 165
"../../../Engine/Content/EngineMaterials/EditorBrushMaterial.uasset" 166
"../../../Engine/Content/EngineMaterials/Good64x64TilingNoiseHighFreq.uasset" 167
"../../../Engine/Content/EngineMaterials/MiniFont.uasset" 168
"../../../Engine/Content/EngineMaterials/InvalidLightmapSettings.uasset" 169
"../../../Engine/Content/EngineMaterials/M_InvalidLightmapSettings.uasset" 170
"../../../Engine/Content/Functions/Engine_MaterialFunctions02/WorldPositionOffset/CameraOffset.uasset" 171
"../../../Engine/Content/EngineMaterials/PhAT_JointLimitMaterial.uasset" 172
"../../../Engine/Content/EngineMaterials/PreintegratedSkinBRDF.uasset" 173
"../../../Engine/Content/EngineMaterials/RemoveSurfaceMaterial.uasset" 174
"../../../Engine/Content/EngineMaterials/WeightMapPlaceholderTexture.uasset" 175
"../../../Engine/Content/EngineResources/WhiteSquareTexture.uasset" 176
"../../../Engine/Content/EngineMaterials/Widget3DPassThrough.uasset" 177
"../../../Engine/Content/EngineMaterials/Widget3DPassThrough_Masked.uasset" 178
"../../../Engine/Content/EngineMaterials/Widget3DPassThrough_Opaque.uasset" 179
"../../../Engine/Content/EngineMaterials/Widget3DPassThrough_Masked_OneSided.uasset" 180
"../../../Engine/Content/EngineMaterials/Widget3DPassThrough_Opaque_OneSided.uasset" 181
"../../../Engine/Content/EngineMaterials/Widget3DPassThrough_Translucent.uasset" 182
"../../../Engine/Content/EngineMaterials/Widget3DPassThrough_Translucent_OneSided.uasset" 183
"../../../Engine/Content/EngineMeshes/Cube.uasset" 184
"../../../Engine/Content/EngineMeshes/Cylinder.uasset" 185
"../../../Engine/Content/EngineMeshes/Sphere.uasset" 186
"../../../Engine/Content/EngineResources/Black.uasset" 187
"../../../Engine/Content/EngineResources/DefaultTexture.uasset" 188
"../../../Engine/Content/EngineResources/DefaultTextureCube.uasset" 189
"../../../Engine/Content/EngineResources/GradientTexture0.uasset" 190
"../../../Engine/Content/EngineSounds/Master.uasset" 191
"../../../Engine/Content/Functions/Engine_MaterialFunctions01/Shading/ConvertFromDiffSpec.uasset" 192
"../../../Engine/Content/Functions/Engine_MaterialFunctions01/Shading/PowerToRoughness.uasset" 193
"../../../Engine/Content/Maps/Templates/Thumbnails/Default.uasset" 194
"../../../Engine/Content/Maps/Templates/Thumbnails/VR-Basic.uasset" 195
"../../../Engine/Content/MobileResources/T_MobileControls_texture.uasset" 196
"../../../Engine/Content/MobileResources/T_MobileMenu2.uasset" 197
"../../../Engine/Content/MobileResources/HUD/AnalogHat.uasset" 198
"../../../Engine/Content/MobileResources/HUD/VirtualJoystick_Background.uasset" 199
"../../../Engine/Content/MobileResources/HUD/VirtualJoystick_Thumb.uasset" 200
"../../../Engine/Content/MobileResources/HUD/DefaultVirtualJoysticks.uasset" 201
"../../../Engine/Content/MobileResources/HUD/LeftVirtualJoystickOnly.uasset" 202
"../../../Engine/Content/MobileResources/HUD/MobileHUDButton1_off.uasset" 203
"../../../Engine/Content/MobileResources/HUD/MobileHUDButton1_on.uasset" 204
"../../../Engine/Content/MobileResources/HUD/MobileHUDButton2_off.uasset" 205
"../../../Engine/Content/MobileResources/HUD/MobileHUDButton2_on.uasset" 206
"../../../Engine/Content/MobileResources/HUD/MobileHUDButton3.uasset" 207
"../../../Engine/Content/MobileResources/HUD/MobileHUDButtonFire.uasset" 208
"../../../Engine/Content/MobileResources/HUD/MobileHUDDirectionPad.uasset" 209
"../../../Engine/Content/MobileResources/HUD/MobileHUDDirectionPad2.uasset" 210
"../../../Engine/Content/MobileResources/HUD/MobileHUDDirectionPad3.uasset" 211
"../../../Engine/Content/MobileResources/HUD/MobileHUDDirectionStick.uasset" 212
"../../../Engine/Content/MobileResources/HUD/T_Castle_ThumbstickInner.uasset" 213
"../../../Engine/Content/MobileResources/HUD/T_Castle_ThumbstickOutter.uasset" 214
"../../../Engine/Content/Tutorial/ContentIntroCurve.uasset" 215
"../../../Engine/Content/Tutorial/Basics/TutorialAssets/icon_tab_Levels_40x.uasset" 216
"../../../Engine/Content/Tutorial/BlueprintTutorials/TutorialAssets/BlueprintInterface_64x.uasset" 217
"../../../Engine/Content/Tutorial/BlueprintTutorials/TutorialAssets/BlueprintMacroLibrary_64x.uasset" 218
"../../../Engine/Content/Tutorial/BlueprintTutorials/TutorialAssets/Blueprint_64x.uasset" 219
"../../../Engine/Content/Tutorial/BlueprintTutorials/TutorialAssets/Tutorial_BP_Interface.uasset" 220
"../../../Engine/Content/Tutorial/Foliage/TutorialAssets/Foliage.uasset" 221
"../../../Engine/Content/Tutorial/Landscape/TutorialAssets/Landscape.uasset" 222
"../../../Engine/Content/Tutorial/Paper2D/TutorialAssets/Paper2DFlipbook_TutorialIcon.uasset" 223
"../../../Engine/Content/Tutorial/Paper2D/TutorialAssets/Paper2DSprite_TutorialIcon.uasset" 224
"../../../Engine/Content/Tutorial/SubEditors/TutorialAssets/icon_Editor_Preferences_General_40x.uasset" 225
"../../../Engine/Content/Tutorial/SubEditors/TutorialAssets/icon_ShowSkeletalMeshes_40x.uasset" 226
"../../../Engine/Content/Tutorial/SubEditors/TutorialAssets/TutorialMaterial.uasset" 227
"../../../Engine/Content/Tutorial/SubEditors/TutorialAssets/T_SmokeSubUV_8X8.uasset" 228
"../../../Engine/Content/Tutorial/SubEditors/TutorialAssets/T_soft_smoke.uasset" 229
"../../../Engine/Content/Tutorial/SubEditors/TutorialAssets/M_smoke_subUV_blackbody.uasset" 230
"../../../Engine/Content/Tutorial/SubEditors/TutorialAssets/TutorialParticleSystem.uasset" 231
"../../../Engine/Content/VREditor/Devices/Generic/GenericHMDMaterial.uasset" 232
"../../../Engine/Content/VREditor/Devices/Generic/GenericHMD.uasset" 233
"../../../Engine/Content/Functions/Engine_MaterialFunctions02/Utility/BreakOutFloat3Components.uasset" 234
"../../../Engine/Content/VREditor/Devices/Vive/VivePreController_MasksB.uasset" 235
"../../../Engine/Content/VREditor/Devices/Oculus/OculusControllerMaterial.uasset" 236
"../../../Engine/Content/VREditor/Devices/Oculus/OculusControllerMaterial_Inst.uasset" 237
"../../../Engine/Content/VREditor/Devices/Oculus/OculusControllerMesh.uasset" 238
"../../../Engine/Content/VREditor/Devices/Vive/T_VivePreController_EM.uasset" 239
"../../../Engine/Content/VREditor/Devices/Vive/VivePreController_MasksA.uasset" 240
"../../../Engine/Content/VREditor/Devices/Vive/VivePreControllerDiffuse.uasset" 241
"../../../Engine/Content/VREditor/Devices/Vive/VivePreControllerSpec.uasset" 242
"../../../Engine/Content/VREditor/LaserPointer/VR_LaserPower_01.uasset" 243
"../../../Engine/Content/VREditor/Devices/Vive/VivePreControllerMaterial.uasset" 244
"../../../Engine/Content/VREditor/Devices/Vive/VivePreControllerMaterial_Inst.uasset" 245
"../../../Engine/Content/VREditor/Devices/Vive/VivePreControllerMesh.uasset" 246
"../../../Engine/Content/VREditor/FloatingText/LineMaterial.uasset" 247
"../../../Engine/Content/VREditor/FloatingText/JointSphere.uasset" 248
"../../../Engine/Content/VREditor/FloatingText/LineSegmentCylinder.uasset" 249
"../../../Engine/Content/VREditor/Fonts/VRText_RobotoLarge.uasset" 250
"../../../Engine/Content/VREditor/Fonts/VRTextMaterial.uasset" 251
"../../../Engine/Content/VREditor/Fonts/TranslucentVRTextMaterial.uasset" 252
"../../../Engine/Content/VREditor/LaserPointer/CursorPointer.uasset" 253
"../../../Engine/Content/VREditor/TransformGizmo/TransformGizmoMaterial.uasset" 254
"../../../Engine/Content/VREditor/LaserPointer/HoverMaterial.uasset" 255
"../../../Engine/Content/VREditor/TransformGizmo/TranslucentTransformGizmoMaterial.uasset" 256
"../../../Engine/Content/VREditor/LaserPointer/TranslucentHoverMaterial.uasset" 257
"../../../Engine/Content/VREditor/LaserPointer/HoverMesh.uasset" 258
"../../../Engine/Content/VREditor/LaserPointer/LaserPointerMaterial.uasset" 259
"../../../Engine/Content/VREditor/LaserPointer/LaserPointerMaterialInst.uasset" 260
"../../../Engine/Content/VREditor/LaserPointer/TranslucentLaserPointerMaterialInst.uasset" 261
"../../../Engine/Content/VREditor/LaserPointer/LaserPointerMesh.uasset" 262
"../../../Engine/Content/VREditor/LaserPointer/LaserPointerMesh_End.uasset" 263
"../../../Engine/Content/VREditor/LaserPointer/LaserPointerMesh_Start.uasset" 264
"../../../Engine/Content/VREditor/Sounds/VR_teleport.uasset" 265
"../../../Engine/Content/VREditor/Sounds/UI/Click_on_Button.uasset" 266
"../../../Engine/Content/VREditor/Sounds/UI/Click_on_Button_Cue.uasset" 267
"../../../Engine/Content/VREditor/Sounds/UI/Dockable_Window_Close.uasset" 268
"../../../Engine/Content/VREditor/Sounds/UI/Dockable_Window_Drop.uasset" 269
"../../../Engine/Content/VREditor/Sounds/UI/Dockable_Window_Open.uasset" 270
"../../../Engine/Content/VREditor/Sounds/UI/Dockable_Window_Pick_Up.uasset" 271
"../../../Engine/Content/VREditor/Sounds/UI/Drop_Item_From_ContentBrowser.uasset" 272
"../../../Engine/Content/VREditor/Sounds/UI/Floating_UI_Open-001.uasset" 273
"../../../Engine/Content/VREditor/Sounds/UI/Radial_Menu_FadeOut.uasset" 274
"../../../Engine/Content/VREditor/Sounds/UI/Teleport_Mode_Entered.uasset" 275
"../../../Engine/Content/VREditor/Teleport/TeleportDirectionMaterial.uasset" 276
"../../../Engine/Content/VREditor/Teleport/TeleportDirectionMaterial_Inst.uasset" 277
"../../../Engine/Content/VREditor/Teleport/TeleportDirectionMesh.uasset" 278
"../../../Engine/Content/VREditor/TransformGizmo/BoundingBoxCorner.uasset" 279
"../../../Engine/Content/VREditor/TransformGizmo/BoundingBoxEdge.uasset" 280
"../../../Engine/Content/VREditor/TransformGizmo/PlaneTranslationHandle.uasset" 281
"../../../Engine/Content/VREditor/TransformGizmo/Main.uasset" 282
"../../../Engine/Content/VREditor/TransformGizmo/Xray.uasset" 283
"../../../Engine/Content/VREditor/TransformGizmo/SM_Dialog_Close.uasset" 284
"../../../Engine/Content/VREditor/TransformGizmo/SM_Dialog_Move.uasset" 285
"../../../Engine/Content/VREditor/TransformGizmo/SM_Sequencer_Key.uasset" 286
"../../../Engine/Content/VREditor/TransformGizmo/SM_Sequencer_Node.uasset" 287
"../../../Engine/Content/VREditor/TransformGizmo/TransformGizmoMaterial_Inst.uasset" 288
"../../../Engine/Content/VREditor/TransformGizmo/TranslucentTransformGizmoMaterial_Inst.uasset" 289
"../../../Engine/Content/VREditor/Devices/Vive/UE4_Logo.uasset" 290
"../../../Engine/Content/VREditor/UI/M_ContentWindow.uasset" 291
"../../../Engine/Content/VREditor/UI/SM_ContentWindow_01.uasset" 292
"../../../Engine/Content/VREditor/UI/KeyDiskMaterial.uasset" 293
"../../../Engine/Content/VREditor/UI/DiscMaterial.uasset" 294
"../../../Engine/Content/VREditor/UI/SM_Radial_Disk.uasset" 295
"../../../Engine/Content/VREditor/UI/ArrowMaterial.uasset" 296
"../../../Engine/Content/VREditor/UI/SM_Radial_Pointer.uasset" 297
"../../../Engine/Content/Functions/Engine_MaterialFunctions01/Gradient/RadialGradient.uasset" 298
"../../../Engine/Content/VREditor/WorldMovementGrid/SimpleGrid.uasset" 299
"../../../Engine/Content/VREditor/WorldMovementGrid/GridMaterial.uasset" 300
"../../../Engine/Content/Functions/Engine_MaterialFunctions01/Density/ExponentialDensity.uasset" 301
"../../../Engine/Content/VREditor/WorldMovementGrid/GridPostProcess.uasset" 302
"../../../Engine/Content/EditorLandscapeResources/FlattenHeightMat.uasset" 303
"../../../Engine/Content/VREditor/WorldMovementGrid/PlaneMesh.uasset" 304
"../../Plugins/2D/Paper2D/Content/PlaceholderTextures/DummySpriteTexture.uasset" 305
"../../Plugins/2D/Paper2D/Content/DummySprite.uasset" 306
"../../Plugins/2D/Paper2D/Content/DefaultPaperTerrainMaterial.uasset" 307
"../../Plugins/2D/Paper2D/Content/DefaultSpriteMaterial.uasset" 308
"../../Plugins/2D/Paper2D/Content/MaskedUnlitSpriteMaterial.uasset" 309
"../../Plugins/2D/Paper2D/Content/OpaqueUnlitSpriteMaterial.uasset" 310
"../../Plugins/Media/MediaCompositing/Content/DefaultMediaPlaneTexture.uasset" 311
"../../Plugins/Media/MediaCompositing/Content/DefaultMediaPlaneMaterial.uasset" 312
"../../../Engine/Content/Functions/Engine_MaterialFunctions02/Utility/MakeFloat4.uasset" 313
"../../Plugins/Runtime/AppleARKit/Content/ARKitCameraMaterial.uasset" 314
"../../Plugins/Runtime/Oculus/OculusVR/Content/Textures/GearVRController_AO.uasset" 315
"../../Plugins/Runtime/Oculus/OculusVR/Content/Textures/GearVRController_Color.uasset" 316
"../../Plugins/Runtime/Oculus/OculusVR/Content/Textures/GearVRController_Normal.uasset" 317
"../../Plugins/Runtime/Oculus/OculusVR/Content/Materials/GearVRControllerMaterial.uasset" 318
"../../Plugins/Runtime/Oculus/OculusVR/Content/Meshes/GearVrController.uasset" 319
"../../../../../../Users/Nitrois/Desktop/spaceman/Content/rawImages/ComicStrip1.uasset" 320
"../../../../../../Users/Nitrois/Desktop/spaceman/Content/rawImages/ComicStrip2.uasset" 321
"../../../../../../Users/Nitrois/Desktop/spaceman/Content/rawImages/ComicStrip3.uasset" 322
"../../../../../../Users/Nitrois/Desktop/spaceman/Content/rawImages/ComicStrip4.uasset" 323
"../../../../../../Users/Nitrois/Desktop/spaceman/Content/rawImages/ComicStrip5.uasset" 324
"../../../../../../Users/Nitrois/Desktop/spaceman/Content/UI/ComicStrip.uasset" 325
"../../../../../../Users/Nitrois/Desktop/spaceman/Content/Levels/ComicStrip.umap" 326
"../../../../../../Users/Nitrois/Desktop/spaceman/Content/rawImages/UI_ColdColorOverlay.uasset" 327
"../../../../../../Users/Nitrois/Desktop/spaceman/Content/rawImages/UI_GravForce.uasset" 328
"../../../../../../Users/Nitrois/Desktop/spaceman/Content/rawImages/UI_HighTemp.uasset" 329
"../../../../../../Users/Nitrois/Desktop/spaceman/Content/rawImages/UI_HotColorOverlay.uasset" 330
"../../../../../../Users/Nitrois/Desktop/spaceman/Content/rawImages/UI_LowTemp.uasset" 331
"../../../../../../Users/Nitrois/Desktop/spaceman/Content/rawImages/UI_No_O2.uasset" 332
"../../../../../../Users/Nitrois/Desktop/spaceman/Content/rawImages/UI_O2.uasset" 333
"../../../../../../Users/Nitrois/Desktop/spaceman/Content/rawImages/UI_Radiation.uasset" 334
"../../../../../../Users/Nitrois/Desktop/spaceman/Content/UI/hudUI.uasset" 335
"../../../../../../Users/Nitrois/Desktop/spaceman/Content/Mats/M_SpaceMan_Blin.uasset" 336
"../../../../../../Users/Nitrois/Desktop/spaceman/Content/Mats/M_SpaceMan_Lambert_2.uasset" 337
"../../../../../../Users/Nitrois/Desktop/spaceman/Content/Geometry/Meshes/Space_Man_The_Fourth.uasset" 338
"../../../../../../Users/Nitrois/Desktop/spaceman/Content/Mats/Partical.uasset" 339
"../../../../../../Users/Nitrois/Desktop/spaceman/Content/Part/AirExplosion.uasset" 340
"../../../../../../Users/Nitrois/Desktop/spaceman/Content/Part/AirJet.uasset" 341
"../../../../../../Users/Nitrois/Desktop/spaceman/Content/Mats/M_flame.uasset" 342
"../../../../../../Users/Nitrois/Desktop/spaceman/Content/Part/AirJetBoost.uasset" 343
"../../../../../../Users/Nitrois/Desktop/spaceman/Content/Skybox/M_Sun.uasset" 344
"../../../../../../Users/Nitrois/Desktop/spaceman/Content/Part/Flames.uasset" 345
"../../../../../../Users/Nitrois/Desktop/spaceman/Content/Sound/Bump.uasset" 346
"../../../../../../Users/Nitrois/Desktop/spaceman/Content/Sound/JetPack.uasset" 347
"../../../../../../Users/Nitrois/Desktop/spaceman/Content/Sound/JetPack_Cue.uasset" 348
"../../../../../../Users/Nitrois/Desktop/spaceman/Content/Sound/O2Recharge.uasset" 349
"../../../../../../Users/Nitrois/Desktop/spaceman/Content/Sound/O2Recharge_Cue.uasset" 350
"../../../../../../Users/Nitrois/Desktop/spaceman/Content/Sound/Warning.uasset" 351
"../../../../../../Users/Nitrois/Desktop/spaceman/Content/Sound/Warning_Cue.uasset" 352
"../../../../../../Users/Nitrois/Desktop/spaceman/Content/Blueprint/ThirdPersonCharacter.uasset" 353
"../../../../../../Users/Nitrois/Desktop/spaceman/Content/Geometry/Meshes/Ship.uasset" 354
"../../../../../../Users/Nitrois/Desktop/spaceman/Content/rawImages/VICTORY.uasset" 355
"../../../../../../Users/Nitrois/Desktop/spaceman/Content/UI/ShipUI.uasset" 356
"../../../../../../Users/Nitrois/Desktop/spaceman/Content/Blueprint/Ship.uasset" 357
"../../../../../../Users/Nitrois/Desktop/spaceman/Content/Geometry/Meshes/Astroids_001.uasset" 358
"../../../../../../Users/Nitrois/Desktop/spaceman/Content/Geometry/Meshes/Astroids_002.uasset" 359
"../../../../../../Users/Nitrois/Desktop/spaceman/Content/Geometry/Meshes/Astroids_003.uasset" 360
"../../../../../../Users/Nitrois/Desktop/spaceman/Content/Geometry/Meshes/Astroids_004.uasset" 361
"../../../../../../Users/Nitrois/Desktop/spaceman/Content/Geometry/Meshes/Astroids_005.uasset" 362
"../../../../../../Users/Nitrois/Desktop/spaceman/Content/Geometry/Meshes/Astroids_006.uasset" 363
"../../../../../../Users/Nitrois/Desktop/spaceman/Content/Blueprint/Astro.uasset" 364
"../../../../../../Users/Nitrois/Desktop/spaceman/Content/Blueprint/AstroSpawn.uasset" 365
"../../../../../../Users/Nitrois/Desktop/spaceman/Content/Blueprint/dangerVolume.uasset" 366
"../../../../../../Users/Nitrois/Desktop/spaceman/Content/Mats/Planets_lambert1_BaseColor.uasset" 367
"../../../../../../Users/Nitrois/Desktop/spaceman/Content/Mats/Planets_lambert1_Metallic.uasset" 368
"../../../../../../Users/Nitrois/Desktop/spaceman/Content/Mats/Planets_lambert1_Normal.uasset" 369
"../../../../../../Users/Nitrois/Desktop/spaceman/Content/Mats/Planets_lambert1_Roughness.uasset" 370
"../../../../../../Users/Nitrois/Desktop/spaceman/Content/Mats/M_Home.uasset" 371
"../../../../../../Users/Nitrois/Desktop/spaceman/Content/Geometry/Meshes/lambert21.uasset" 372
"../../../../../../Users/Nitrois/Desktop/spaceman/Content/Geometry/Meshes/Earth_Home_pCube57.uasset" 373
"../../../../../../Users/Nitrois/Desktop/spaceman/Content/Geometry/Meshes/lambert20.uasset" 374
"../../../../../../Users/Nitrois/Desktop/spaceman/Content/Geometry/Meshes/Earth_Home_pCylinder9.uasset" 375
"../../../../../../Users/Nitrois/Desktop/spaceman/Content/Blueprint/Earth.uasset" 376
"../../../../../../Users/Nitrois/Desktop/spaceman/Content/rawImages/Bar_fill.uasset" 377
"../../../../../../Users/Nitrois/Desktop/spaceman/Content/rawImages/BarOutline.uasset" 378
"../../../../../../Users/Nitrois/Desktop/spaceman/Content/UI/WBP_NPCBar.uasset" 379
"../../../../../../Users/Nitrois/Desktop/spaceman/Content/Geometry/Meshes/Dying.uasset" 380
"../../../../../../Users/Nitrois/Desktop/spaceman/Content/Geometry/Meshes/Injured_Friend.uasset" 381
"../../../../../../Users/Nitrois/Desktop/spaceman/Content/Blueprint/NPC.uasset" 382
"../../../../../../Users/Nitrois/Desktop/spaceman/Content/Skybox/M_O2Tank.uasset" 383
"../../../../../../Users/Nitrois/Desktop/spaceman/Content/Geometry/Meshes/O2Bottle.uasset" 384
"../../../../../../Users/Nitrois/Desktop/spaceman/Content/rawImages/Locator.uasset" 385
"../../../../../../Users/Nitrois/Desktop/spaceman/Content/UI/WBP_Locator.uasset" 386
"../../../../../../Users/Nitrois/Desktop/spaceman/Content/Blueprint/O2Pickup.uasset" 387
"../../../../../../Users/Nitrois/Desktop/spaceman/Content/Blueprint/o2SpawnerVolume.uasset" 388
"../../../../../../Users/Nitrois/Desktop/spaceman/Content/Geometry/Meshes/Space_Ship_Piece_polySurface107.uasset" 389
"../../../../../../Users/Nitrois/Desktop/spaceman/Content/Geometry/Meshes/Space_Ship_Piece_polySurface151.uasset" 390
"../../../../../../Users/Nitrois/Desktop/spaceman/Content/Geometry/Meshes/Space_Ship_Piece_polySurface155.uasset" 391
"../../../../../../Users/Nitrois/Desktop/spaceman/Content/Geometry/Meshes/Space_Ship_Piece_polySurface157.uasset" 392
"../../../../../../Users/Nitrois/Desktop/spaceman/Content/Blueprint/shipPart.uasset" 393
"../../../../../../Users/Nitrois/Desktop/spaceman/Content/UI/WBP_LocatorShip.uasset" 394
"../../../../../../Users/Nitrois/Desktop/spaceman/Content/Blueprint/ShipCollectable.uasset" 395
"../../../Engine/Content/BasicShapes/Sphere.uasset" 396
"../../../../../../Users/Nitrois/Desktop/spaceman/Content/Blueprint/Sun.uasset" 397
"../../../../../../Users/Nitrois/Desktop/spaceman/Content/Levels/Default_BuiltData.uasset" 398
"../../../Engine/Content/Functions/Engine_MaterialFunctions01/Gradient/RadialGradientExponential.uasset" 399
"../../../Engine/Content/Functions/Engine_MaterialFunctions02/Utility/VectorToRadialValue.uasset" 400
"../../../../../../Users/Nitrois/Desktop/spaceman/Content/Mats/Black_Hole_M_2.uasset" 401
"../../../../../../Users/Nitrois/Desktop/spaceman/Content/Geometry/Meshes/lambert13.uasset" 402
"../../../../../../Users/Nitrois/Desktop/spaceman/Content/Geometry/Meshes/Black_Hole_Middle_Sorted_polySurface30.uasset" 403
"../../../../../../Users/Nitrois/Desktop/spaceman/Content/Geometry/Meshes/Black_Hole_Middle_Sorted_polySurface40.uasset" 404
"../../../../../../Users/Nitrois/Desktop/spaceman/Content/Geometry/Meshes/Evil_Planet.uasset" 405
"../../../../../../Users/Nitrois/Desktop/spaceman/Content/Geometry/Meshes/Galaxy_Planet.uasset" 406
"../../../../../../Users/Nitrois/Desktop/spaceman/Content/Geometry/Meshes/Planet_2_pSphere15.uasset" 407
"../../../../../../Users/Nitrois/Desktop/spaceman/Content/Geometry/Meshes/Planet_3_pSphere1.uasset" 408
"../../../../../../Users/Nitrois/Desktop/spaceman/Content/Geometry/Meshes/Planet_4_polySurface1.uasset" 409
"../../../../../../Users/Nitrois/Desktop/spaceman/Content/Geometry/Meshes/Planet_4_pSphere12.uasset" 410
"../../../../../../Users/Nitrois/Desktop/spaceman/Content/Geometry/Meshes/Space_Ship_Piece_polySurface116.uasset" 411
"../../../../../../Users/Nitrois/Desktop/spaceman/Content/Skybox/StarSkybox.uasset" 412
"../../../../../../Users/Nitrois/Desktop/spaceman/Content/Skybox/lambert1.uasset" 413
"../../../../../../Users/Nitrois/Desktop/spaceman/Content/Skybox/SkySphere.uasset" 414
"../../../../../../Users/Nitrois/Desktop/spaceman/Content/Levels/Default.umap" 415
"../../../../../../Users/Nitrois/Desktop/spaceman/Content/Geometry/Meshes/Black_Hole.uasset" 416
"../../../../../../Users/Nitrois/Desktop/spaceman/Content/Levels/Default_sound.umap" 417
"../../../../../../Users/Nitrois/Desktop/spaceman/Content/Levels/LoseGame.umap" 418
"../../../Engine/Content/Maps/Entry.umap" 419
